<?xml version="1.0" encoding="UTF-8"?>
<robot generator="Robot 6.0.2 (Python 3.11.2 on darwin)" generated="20230424 05:52:34.070" rpa="false" schemaversion="3">
<suite id="s1" name="testCase" source="/Users/ycs9t1/Library/Mobile Documents/com~apple~CloudDocs/Desktop/Robot_Framework_saucedemo.com/testCase/testCase.robot">
<test id="s1-t1" name="End To End Case" line="9">
<kw name="Load saucedemo in browser" library="login">
<kw name="Open Browser" library="SeleniumLibrary">
<arg>${base_url}</arg>
<arg>Chrome</arg>
<doc>Opens a new browser instance to the optional ``url``.</doc>
<msg timestamp="20230424 05:52:34.310" level="INFO">Opening browser 'Chrome' to base url 'https://www.saucedemo.com'.</msg>
<status status="PASS" starttime="20230424 05:52:34.309" endtime="20230424 05:52:38.253"/>
</kw>
<status status="PASS" starttime="20230424 05:52:34.308" endtime="20230424 05:52:38.254"/>
</kw>
<kw name="Input Username &amp; password" library="login">
<kw name="Wait Until Element Is Visible" library="SeleniumLibrary">
<arg>${username}</arg>
<arg>timeout=5</arg>
<doc>Waits until the element ``locator`` is visible.</doc>
<status status="PASS" starttime="20230424 05:52:38.257" endtime="20230424 05:52:38.278"/>
</kw>
<kw name="Input Text" library="SeleniumLibrary">
<arg>${username}</arg>
<arg>standard_user</arg>
<doc>Types the given ``text`` into the text field identified by ``locator``.</doc>
<msg timestamp="20230424 05:52:38.280" level="INFO">Typing text 'standard_user' into text field 'id=user-name'.</msg>
<status status="PASS" starttime="20230424 05:52:38.279" endtime="20230424 05:52:38.383"/>
</kw>
<kw name="Input Password" library="SeleniumLibrary">
<arg>${password}</arg>
<arg>secret_sauce</arg>
<doc>Types the given password into the text field identified by ``locator``.</doc>
<msg timestamp="20230424 05:52:38.385" level="INFO">Typing password into text field 'id=password'.</msg>
<msg timestamp="20230424 05:52:38.415" level="INFO">Temporally setting log level to: NONE</msg>
<msg timestamp="20230424 05:52:38.446" level="INFO">Log level changed from NONE to INFO.</msg>
<status status="PASS" starttime="20230424 05:52:38.384" endtime="20230424 05:52:38.446"/>
</kw>
<status status="PASS" starttime="20230424 05:52:38.256" endtime="20230424 05:52:38.447"/>
</kw>
<kw name="Click Login Button" library="login">
<kw name="Click Element" library="SeleniumLibrary">
<arg>${login}</arg>
<doc>Click the element identified by ``locator``.</doc>
<msg timestamp="20230424 05:52:38.448" level="INFO">Clicking element 'id=login-button'.</msg>
<status status="PASS" starttime="20230424 05:52:38.448" endtime="20230424 05:52:38.485"/>
</kw>
<kw name="Wait Until Element Is Visible" library="SeleniumLibrary">
<arg>${Cart}</arg>
<arg>timeout=5</arg>
<doc>Waits until the element ``locator`` is visible.</doc>
<status status="PASS" starttime="20230424 05:52:38.486" endtime="20230424 05:52:38.505"/>
</kw>
<status status="PASS" starttime="20230424 05:52:38.447" endtime="20230424 05:52:38.505"/>
</kw>
<kw name="Get Detail Item" library="cart">
<kw name="Wait Until Element Is Visible" library="SeleniumLibrary">
<arg>${item}</arg>
<doc>Waits until the element ``locator`` is visible.</doc>
<status status="PASS" starttime="20230424 05:52:38.506" endtime="20230424 05:52:38.516"/>
</kw>
<kw name="Wait Until Element Contains" library="SeleniumLibrary">
<arg>${price}</arg>
<arg>29.99</arg>
<doc>Waits until the element ``locator`` contains ``text``.</doc>
<status status="PASS" starttime="20230424 05:52:38.516" endtime="20230424 05:52:38.531"/>
</kw>
<kw name="Click Element" library="SeleniumLibrary">
<arg>${item}</arg>
<doc>Click the element identified by ``locator``.</doc>
<msg timestamp="20230424 05:52:38.533" level="INFO">Clicking element 'id=item_4_img_link'.</msg>
<status status="PASS" starttime="20230424 05:52:38.532" endtime="20230424 05:52:38.563"/>
</kw>
<status status="PASS" starttime="20230424 05:52:38.505" endtime="20230424 05:52:38.564"/>
</kw>
<kw name="Add to cart" library="cart">
<kw name="Wait Until Element Is Visible" library="SeleniumLibrary">
<arg>${add}</arg>
<doc>Waits until the element ``locator`` is visible.</doc>
<status status="PASS" starttime="20230424 05:52:38.565" endtime="20230424 05:52:38.576"/>
</kw>
<kw name="Click Element" library="SeleniumLibrary">
<arg>${add}</arg>
<doc>Click the element identified by ``locator``.</doc>
<msg timestamp="20230424 05:52:38.578" level="INFO">Clicking element 'id=add-to-cart-sauce-labs-backpack'.</msg>
<status status="PASS" starttime="20230424 05:52:38.577" endtime="20230424 05:52:38.597"/>
</kw>
<kw name="Wait Until Element Is Visible" library="SeleniumLibrary">
<arg>${remove}</arg>
<doc>Waits until the element ``locator`` is visible.</doc>
<status status="PASS" starttime="20230424 05:52:38.597" endtime="20230424 05:52:38.607"/>
</kw>
<status status="PASS" starttime="20230424 05:52:38.564" endtime="20230424 05:52:38.608"/>
</kw>
<kw name="Show in cart" library="cart">
<kw name="Click Element" library="SeleniumLibrary">
<arg>${Cart}</arg>
<doc>Click the element identified by ``locator``.</doc>
<msg timestamp="20230424 05:52:38.609" level="INFO">Clicking element 'id=shopping_cart_container'.</msg>
<status status="PASS" starttime="20230424 05:52:38.609" endtime="20230424 05:52:38.628"/>
</kw>
<kw name="Wait Until Element Contains" library="SeleniumLibrary">
<arg>${price}</arg>
<arg>29.99</arg>
<doc>Waits until the element ``locator`` contains ``text``.</doc>
<status status="PASS" starttime="20230424 05:52:38.628" endtime="20230424 05:52:38.639"/>
</kw>
<status status="PASS" starttime="20230424 05:52:38.608" endtime="20230424 05:52:38.639"/>
</kw>
<kw name="Checkout item" library="checkout">
<kw name="Click Element" library="SeleniumLibrary">
<arg>${checkout}</arg>
<doc>Click the element identified by ``locator``.</doc>
<msg timestamp="20230424 05:52:38.641" level="INFO">Clicking element 'id=checkout'.</msg>
<status status="PASS" starttime="20230424 05:52:38.640" endtime="20230424 05:52:38.666"/>
</kw>
<status status="PASS" starttime="20230424 05:52:38.640" endtime="20230424 05:52:38.667"/>
</kw>
<kw name="Input Information" library="checkout">
<kw name="Wait Until Element Is Visible" library="SeleniumLibrary">
<arg>${first_name}</arg>
<doc>Waits until the element ``locator`` is visible.</doc>
<status status="PASS" starttime="20230424 05:52:38.668" endtime="20230424 05:52:38.679"/>
</kw>
<kw name="Input Text" library="SeleniumLibrary">
<arg>${first_name}</arg>
<arg>Rian</arg>
<doc>Types the given ``text`` into the text field identified by ``locator``.</doc>
<msg timestamp="20230424 05:52:38.681" level="INFO">Typing text 'Rian' into text field 'id=first-name'.</msg>
<status status="PASS" starttime="20230424 05:52:38.680" endtime="20230424 05:52:38.722"/>
</kw>
<kw name="Input Text" library="SeleniumLibrary">
<arg>${last_name}</arg>
<arg>Testing</arg>
<doc>Types the given ``text`` into the text field identified by ``locator``.</doc>
<msg timestamp="20230424 05:52:38.723" level="INFO">Typing text 'Testing' into text field 'id=last-name'.</msg>
<status status="PASS" starttime="20230424 05:52:38.722" endtime="20230424 05:52:38.764"/>
</kw>
<kw name="Input Text" library="SeleniumLibrary">
<arg>${post_code}</arg>
<arg>1122</arg>
<doc>Types the given ``text`` into the text field identified by ``locator``.</doc>
<msg timestamp="20230424 05:52:38.765" level="INFO">Typing text '1122' into text field 'id=postal-code'.</msg>
<status status="PASS" starttime="20230424 05:52:38.764" endtime="20230424 05:52:38.802"/>
</kw>
<kw name="Click Element" library="SeleniumLibrary">
<arg>${continue}</arg>
<doc>Click the element identified by ``locator``.</doc>
<msg timestamp="20230424 05:52:38.804" level="INFO">Clicking element 'id=continue'.</msg>
<status status="PASS" starttime="20230424 05:52:38.803" endtime="20230424 05:52:38.830"/>
</kw>
<status status="PASS" starttime="20230424 05:52:38.667" endtime="20230424 05:52:38.830"/>
</kw>
<kw name="Overview Item Checkout" library="checkout">
<kw name="Wait Until Element Contains" library="SeleniumLibrary">
<arg>${total}</arg>
<arg>29.99</arg>
<doc>Waits until the element ``locator`` contains ``text``.</doc>
<status status="PASS" starttime="20230424 05:52:38.831" endtime="20230424 05:52:38.845"/>
</kw>
<kw name="Click Element" library="SeleniumLibrary">
<arg>${finish}</arg>
<doc>Click the element identified by ``locator``.</doc>
<msg timestamp="20230424 05:52:38.846" level="INFO">Clicking element 'id=finish'.</msg>
<status status="PASS" starttime="20230424 05:52:38.846" endtime="20230424 05:52:38.867"/>
</kw>
<status status="PASS" starttime="20230424 05:52:38.830" endtime="20230424 05:52:38.867"/>
</kw>
<kw name="Validasi Checkout" library="checkout">
<kw name="Wait Until Element Is Visible" library="SeleniumLibrary">
<arg>${validasi_Checkout}</arg>
<doc>Waits until the element ``locator`` is visible.</doc>
<status status="PASS" starttime="20230424 05:52:38.868" endtime="20230424 05:52:38.879"/>
</kw>
<kw name="Wait Until Element Contains" library="SeleniumLibrary">
<arg>${validasi_contain}</arg>
<arg>Checkout: Complete!</arg>
<doc>Waits until the element ``locator`` contains ``text``.</doc>
<status status="PASS" starttime="20230424 05:52:38.880" endtime="20230424 05:52:38.891"/>
</kw>
<status status="PASS" starttime="20230424 05:52:38.868" endtime="20230424 05:52:38.891"/>
</kw>
<kw name="Close Browser" library="SeleniumLibrary">
<doc>Closes the current browser.</doc>
<status status="PASS" starttime="20230424 05:52:38.892" endtime="20230424 05:52:39.012"/>
</kw>
<doc>E2E Test Case</doc>
<status status="PASS" starttime="20230424 05:52:34.307" endtime="20230424 05:52:39.012"/>
</test>
<doc>Technical Test</doc>
<status status="PASS" starttime="20230424 05:52:34.074" endtime="20230424 05:52:39.014"/>
</suite>
<statistics>
<total>
<stat pass="1" fail="0" skip="0">All Tests</stat>
</total>
<tag>
</tag>
<suite>
<stat pass="1" fail="0" skip="0" id="s1" name="testCase">testCase</stat>
</suite>
</statistics>
<errors>
</errors>
</robot>
